<?xml version="1.0" encoding="UTF-8"?>
<!-- Generated by org.testng.reporters.JUnitReportReporter -->
<testsuite skipped="0" hostname="LAPTOP-EQ8KEMK0" name="com.policybazaar.testcases.GetErrorInCarInsuranceForm" tests="3" failures="0" timestamp="2021-05-23T17:04:56 IST" time="51.332" errors="0">
  <testcase name="getErrorForInvalidDetails" time="14.422" classname="com.policybazaar.testcases.GetErrorInCarInsuranceForm"/>
  <system-out/>
  <testcase name="getErrorForInvalidDetails" time="18.389" classname="com.policybazaar.testcases.GetErrorInCarInsuranceForm"/>
  <system-out/>
  <testcase name="getErrorForInvalidDetails" time="18.521" classname="com.policybazaar.testcases.GetErrorInCarInsuranceForm"/>
  <system-out/>
</testsuite> <!-- com.policybazaar.testcases.GetErrorInCarInsuranceForm -->
