<?xml version="1.0" encoding="UTF-8"?>
<!-- Generated by org.testng.reporters.JUnitReportReporter -->
<testsuite skipped="0" hostname="LAPTOP-EQ8KEMK0" name="com.policybazaar.testcases.DisplayThreeLowestTravelPlans" tests="3" failures="0" timestamp="2021-05-23T17:04:56 IST" time="65.653" errors="0">
  <testcase name="displayThreeLowestTravelInsurancePlans" time="21.589" classname="com.policybazaar.testcases.DisplayThreeLowestTravelPlans"/>
  <system-out/>
  <testcase name="displayThreeLowestTravelInsurancePlans" time="21.526" classname="com.policybazaar.testcases.DisplayThreeLowestTravelPlans"/>
  <system-out/>
  <testcase name="displayThreeLowestTravelInsurancePlans" time="22.538" classname="com.policybazaar.testcases.DisplayThreeLowestTravelPlans"/>
  <system-out/>
</testsuite> <!-- com.policybazaar.testcases.DisplayThreeLowestTravelPlans -->
