<?xml version="1.0" encoding="UTF-8"?>
<!-- Generated by org.testng.reporters.JUnitReportReporter -->
<testsuite skipped="0" hostname="LAPTOP-EQ8KEMK0" name="com.policybazaar.testcases.GetHealthInsuranceNameList" tests="1" failures="0" timestamp="2021-05-23T17:04:56 IST" time="5.194" errors="0">
  <testcase name="getInsuranceNameList" time="5.194" classname="com.policybazaar.testcases.GetHealthInsuranceNameList"/>
  <system-out/>
</testsuite> <!-- com.policybazaar.testcases.GetHealthInsuranceNameList -->
